<?xml version="1.0" encoding="UTF-8"?>
<coverage generated="1778928410916" clover="3.2.0">
  <project timestamp="1778928410916" name="All files">
    <metrics statements="14" coveredstatements="14" conditionals="10" coveredconditionals="10" methods="5" coveredmethods="5" elements="29" coveredelements="29" complexity="0" loc="14" ncloc="14" packages="1" files="2" classes="2"/>
    <file name="calculator.js" path="/Users/user/Desktop/Class/sqat/jest-divide-app/calculator.js">
      <metrics statements="6" coveredstatements="6" conditionals="0" coveredconditionals="0" methods="4" coveredmethods="4"/>
      <line num="1" count="1" type="stmt"/>
      <line num="4" count="1" type="stmt"/>
      <line num="5" count="1" type="stmt"/>
      <line num="6" count="1" type="stmt"/>
      <line num="7" count="1" type="stmt"/>
      <line num="9" count="1" type="stmt"/>
    </file>
    <file name="divide.js" path="/Users/user/Desktop/Class/sqat/jest-divide-app/divide.js">
      <metrics statements="8" coveredstatements="8" conditionals="10" coveredconditionals="10" methods="1" coveredmethods="1"/>
      <line num="2" count="17" type="cond" truecount="4" falsecount="0"/>
      <line num="3" count="3" type="stmt"/>
      <line num="5" count="14" type="cond" truecount="2" falsecount="0"/>
      <line num="6" count="3" type="stmt"/>
      <line num="8" count="11" type="cond" truecount="4" falsecount="0"/>
      <line num="9" count="4" type="stmt"/>
      <line num="11" count="7" type="stmt"/>
      <line num="14" count="2" type="stmt"/>
    </file>
  </project>
</coverage>
