TN:
SF:calculator.js
FN:4,add
FN:5,subtract
FN:6,multiply
FN:7,divide
FNF:4
FNH:4
FNDA:1,add
FNDA:1,subtract
FNDA:1,multiply
FNDA:1,divide
DA:1,1
DA:4,1
DA:5,1
DA:6,1
DA:7,1
DA:9,1
LF:6
LH:6
BRF:0
BRH:0
end_of_record
TN:
SF:divide.js
FN:1,divide
FNF:1
FNH:1
FNDA:17,divide
DA:2,17
DA:3,3
DA:5,14
DA:6,3
DA:8,11
DA:9,4
DA:11,7
DA:14,2
LF:8
LH:8
BRDA:2,0,0,3
BRDA:2,0,1,14
BRDA:2,1,0,17
BRDA:2,1,1,14
BRDA:5,2,0,3
BRDA:5,2,1,11
BRDA:8,3,0,4
BRDA:8,3,1,7
BRDA:8,4,0,11
BRDA:8,4,1,8
BRF:10
BRH:10
end_of_record
